<<<<<<< HEAD
warning: Error during registration: The user is not registered correctly or email is already registered
=======

>>>>>>> 32fcd0a04167e29b7821cd4700a1f75af145f87a
warning: Mensaje de Warning
error: Mensaje de ERROR
warning: Login process error: Incorrect password
warning: Login process error: Incorrect password
warning: Error during registration: The user is not registered correctly or email is already registered
warning: Error during registration: The user is not registered correctly or email is already registered
warning: Error during registration: The user is not registered correctly or email is already registered
warning: Error during registration: The user is not registered correctly or email is already registered
warning: Error during registration: The user is not registered correctly or email is already registered
warning: Registration attempt with already registered email: ands_riss@hotmail.com
warning: Error during registration: Email is already registered
warning: Registration attempt with already registered email: 1234@hotmail.com
warning: Error during registration: Email is already registered
warning: Error during registration: The user is not registered correctly or email is already registered
warning: Login process error: Incorrect password
warning: Login process error: Incorrect password
warning: Error changing password: Old password is incorrect
warning: Login process error: Incorrect password
warning: Login process error: Incorrect password
warning: Login process error: Incorrect password
warning: Login process error: Incorrect password
warning: Error changing password: Old password is incorrect
warning: Error changing password: Old password is incorrect
warning: Error changing password: Old password is incorrect
warning: Login process error: Incorrect password
warning: Login process error: Incorrect password
warning: Login process error: Incorrect password
warning: Login process error: Incorrect password
warning: Login process error: Incorrect password
warning: Login process error: Incorrect password
warning: Login process error: Incorrect password
warning: Login process error: Incorrect password
warning: Login process error: Incorrect password
warning: Login process error: Incorrect password
warning: Login process error: Incorrect password
warning: Login process error: Incorrect password
warning: Login process error: Incorrect password
warning: Login process error: Incorrect password
warning: Login process error: Incorrect password
warning: Login process error: Incorrect password
warning: Login process error: Incorrect password
warning: Login process error: Incorrect password
warning: Login process error: Incorrect password
warning: Login process error: Incorrect password
warning: Login process error: Incorrect password
warning: Login process error: Incorrect password
warning: Login process error: Incorrect password
warning: Login process error: Incorrect password
warning: Login process error: Incorrect password
warning: Login process error: Incorrect password
warning: Login process error: Incorrect password
warning: Login process error: Incorrect password
warning: Login process error: Incorrect password
warning: Login process error: Incorrect password
warning: Login process error: Incorrect password
warning: Login process error: Incorrect password
warning: Login process error: Incorrect password
warning: Login process error: Incorrect password
warning: Login process error: Incorrect password
warning: Login process error: Incorrect password
warning: Login process error: Incorrect password
warning: Login process error: Incorrect password
warning: Login process error: Incorrect password
warning: Login process error: Incorrect password
warning: Login process error: Incorrect password
warning: Login process error: Incorrect password
warning: Login process error: Incorrect password
warning: Login process error: Incorrect password
warning: Login process error: Incorrect password
warning: Login process error: Incorrect password
warning: Login process error: Incorrect password
warning: Login process error: Incorrect password
warning: User or password not found
error: Error during registration: The user is not registered correctly or email is already registered
warning: Error during registration: Password must be at least 6 characters long
warning: Error during registration: Password must be at least 6 characters long
warning: Error during registration: Email is already registered
warning: Login process error: Incorrect password
warning: Login process error: Incorrect password
warning: Login process error: Incorrect password
warning: Login process error: Email is not correct
warning: Login process error: Incorrect password
warning: Login process error: Incorrect password
warning: Login process error: Incorrect password
warning: Login process error: Incorrect password
warning: Login process error: Incorrect password
warning: Login process error: Incorrect password
